<?xml version="1.0" encoding="UTF-8"?>
<testsuites name="Backend2" tests="2" time="0.094">
  <testsuite name="Get pet" id="9f88c385-ec64-4cf1-9f2e-90d06f3e83a9" timestamp="2024-06-05T03:26:01.968Z" tests="5" failures="0" errors="0" time="0.076">
    <testcase name="Response status code is 200" time="0.076" classname="Backend2"/>
    <testcase name="Response has the required fields - id, name, and total" time="0.076" classname="Backend2"/>
    <testcase name="Name is a non-empty string" time="0.076" classname="Backend2"/>
    <testcase name="Total is a non-negative integer" time="0.076" classname="Backend2"/>
    <testcase name="Content-Type header is application/json" time="0.076" classname="Backend2"/>
  </testsuite>
  <testsuite name="Get food" id="29ed9d10-bedd-4ac0-8a9a-d3a1bd24a71a" timestamp="2024-06-05T03:26:01.968Z" tests="5" failures="0" errors="0" time="0.018">
    <testcase name="Response status code is 200" time="0.018" classname="Backend2"/>
    <testcase name="Response has the required fields - id, name, and total" time="0.018" classname="Backend2"/>
    <testcase name="Name is a non-empty string" time="0.018" classname="Backend2"/>
    <testcase name="Total is a non-negative integer" time="0.018" classname="Backend2"/>
    <testcase name="Content-Type header is application/json" time="0.018" classname="Backend2"/>
  </testsuite>
</testsuites>